2016-10-02 13:10:09,577    MainThread      INFO        HomeCon started
2016-10-02 13:10:09,578    MainThread      INFO        Websocket started
2016-10-02 13:10:09,579    MainThread      INFO        HomeCon Initialized
2016-10-02 13:10:09,579    MainThread      INFO        Stopping HomeCon
2016-10-02 13:10:09,579    MainThread      INFO        Websocket stopped
2016-10-02 13:10:09,580    MainThread      INFO        Homecon stopped


2016-10-02 13:10:30,891    MainThread      INFO        HomeCon started
2016-10-02 13:10:30,893    MainThread      INFO        Websocket started
2016-10-02 13:10:30,894    MainThread      INFO        HomeCon Initialized
2016-10-02 13:10:30,894    MainThread      INFO        Stopping HomeCon
2016-10-02 13:10:30,894    MainThread      INFO        Websocket stopped
2016-10-02 13:10:30,895    MainThread      INFO        Homecon stopped


2016-10-02 13:10:30,895    MainThread      INFO        HomeCon started
2016-10-02 13:10:30,896    MainThread      INFO        Websocket started
2016-10-02 13:10:30,896    MainThread      INFO        HomeCon Initialized
2016-10-02 13:10:30,896    MainThread      INFO        Stopping HomeCon
2016-10-02 13:10:30,896    MainThread      INFO        Websocket stopped
2016-10-02 13:10:30,897    MainThread      INFO        Homecon stopped


2016-10-02 13:10:30,897    MainThread      INFO        HomeCon started
2016-10-02 13:10:30,898    MainThread      INFO        Websocket started
2016-10-02 13:10:30,898    MainThread      INFO        HomeCon Initialized
2016-10-02 13:10:30,898    MainThread      INFO        Stopping HomeCon
2016-10-02 13:10:30,898    MainThread      INFO        Websocket stopped
2016-10-02 13:10:30,898    MainThread      INFO        Homecon stopped


