This file contains any messages produced by compilers while
running configure, to aid debugging if configure makes a mistake.

It was created by pthsem configure 2.0.8, which was
generated by GNU Autoconf 2.64.  Invocation command line was

  $ ./configure 

## --------- ##
## Platform. ##
## --------- ##

hostname = Latitude-E6510
uname -m = x86_64
uname -r = 3.13.0-32-generic
uname -s = Linux
uname -v = #57-Ubuntu SMP Tue Jul 15 03:51:08 UTC 2014

/usr/bin/uname -p = unknown
/bin/uname -X     = unknown

/bin/arch              = unknown
/usr/bin/arch -k       = unknown
/usr/convex/getsysinfo = unknown
/usr/bin/hostinfo      = unknown
/bin/machine           = unknown
/usr/bin/oslevel       = unknown
/bin/universe          = unknown

PATH: /usr/local/sbin
PATH: /usr/local/bin
PATH: /usr/sbin
PATH: /usr/bin
PATH: /sbin
PATH: /bin
PATH: /usr/games
PATH: /usr/local/games


## ----------- ##
## Core tests. ##
## ----------- ##

configure:2475: checking for a BSD-compatible install
configure:2543: result: /usr/bin/install -c
configure:2554: checking whether build environment is sane
configure:2604: result: yes
configure:2745: checking for a thread-safe mkdir -p
configure:2784: result: /bin/mkdir -p
configure:2797: checking for gawk
configure:2827: result: no
configure:2797: checking for mawk
configure:2813: found /usr/bin/mawk
configure:2824: result: mawk
configure:2835: checking whether make sets $(MAKE)
configure:2857: result: yes
configure:3006: result: 
configure:3008: result: [1mBuild Tools:[m
configure:3061: checking for gcc
configure:3077: found /usr/bin/gcc
configure:3088: result: gcc
configure:3317: checking for C compiler version
configure:3326: gcc --version >&5
gcc (Ubuntu 4.8.2-19ubuntu1) 4.8.2
Copyright (C) 2013 Free Software Foundation, Inc.
This is free software; see the source for copying conditions.  There is NO
warranty; not even for MERCHANTABILITY or FITNESS FOR A PARTICULAR PURPOSE.

configure:3337: $? = 0
configure:3326: gcc -v >&5
Using built-in specs.
COLLECT_GCC=gcc
COLLECT_LTO_WRAPPER=/usr/lib/gcc/x86_64-linux-gnu/4.8/lto-wrapper
Target: x86_64-linux-gnu
Configured with: ../src/configure -v --with-pkgversion='Ubuntu 4.8.2-19ubuntu1' --with-bugurl=file:///usr/share/doc/gcc-4.8/README.Bugs --enable-languages=c,c++,java,go,d,fortran,objc,obj-c++ --prefix=/usr --program-suffix=-4.8 --enable-shared --enable-linker-build-id --libexecdir=/usr/lib --without-included-gettext --enable-threads=posix --with-gxx-include-dir=/usr/include/c++/4.8 --libdir=/usr/lib --enable-nls --with-sysroot=/ --enable-clocale=gnu --enable-libstdcxx-debug --enable-libstdcxx-time=yes --enable-gnu-unique-object --disable-libmudflap --enable-plugin --with-system-zlib --disable-browser-plugin --enable-java-awt=gtk --enable-gtk-cairo --with-java-home=/usr/lib/jvm/java-1.5.0-gcj-4.8-amd64/jre --enable-java-home --with-jvm-root-dir=/usr/lib/jvm/java-1.5.0-gcj-4.8-amd64 --with-jvm-jar-dir=/usr/lib/jvm-exports/java-1.5.0-gcj-4.8-amd64 --with-arch-directory=amd64 --with-ecj-jar=/usr/share/java/eclipse-ecj.jar --enable-objc-gc --enable-multiarch --disable-werror --with-arch-32=i686 --with-abi=m64 --with-multilib-list=m32,m64,mx32 --with-tune=generic --enable-checking=release --build=x86_64-linux-gnu --host=x86_64-linux-gnu --target=x86_64-linux-gnu
Thread model: posix
gcc version 4.8.2 (Ubuntu 4.8.2-19ubuntu1) 
configure:3337: $? = 0
configure:3326: gcc -V >&5
gcc: error: unrecognized command line option '-V'
gcc: fatal error: no input files
compilation terminated.
configure:3337: $? = 4
configure:3326: gcc -qversion >&5
gcc: error: unrecognized command line option '-qversion'
gcc: fatal error: no input files
compilation terminated.
configure:3337: $? = 4
configure:3359: checking for C compiler default output file name
configure:3381: gcc    conftest.c  >&5
configure:3385: $? = 0
configure:3422: result: a.out
configure:3438: checking whether the C compiler works
configure:3447: ./a.out
configure:3451: $? = 0
configure:3466: result: yes
configure:3473: checking whether we are cross compiling
configure:3475: result: no
configure:3478: checking for suffix of executables
configure:3485: gcc -o conftest    conftest.c  >&5
configure:3489: $? = 0
configure:3511: result: 
configure:3517: checking for suffix of object files
configure:3539: gcc -c   conftest.c >&5
configure:3543: $? = 0
configure:3564: result: o
configure:3568: checking whether we are using the GNU C compiler
configure:3587: gcc -c   conftest.c >&5
configure:3587: $? = 0
configure:3596: result: yes
configure:3605: checking whether gcc accepts -g
configure:3625: gcc -c -g  conftest.c >&5
configure:3625: $? = 0
configure:3666: result: yes
configure:3683: checking for gcc option to accept ISO C89
configure:3747: gcc  -c -g -O2  conftest.c >&5
configure:3747: $? = 0
configure:3760: result: none needed
configure:3791: checking for style of include used by make
configure:3819: result: GNU
configure:3844: checking dependency style of gcc
configure:3954: result: gcc3
configure:3974: checking how to run the C preprocessor
configure:4005: gcc -E  conftest.c
configure:4005: $? = 0
configure:4019: gcc -E  conftest.c
conftest.c:11:28: fatal error: ac_nonexistent.h: No such file or directory
 #include <ac_nonexistent.h>
                            ^
compilation terminated.
configure:4019: $? = 1
configure: failed program was:
| /* confdefs.h */
| #define PACKAGE_NAME "pthsem"
| #define PACKAGE_TARNAME "pthsem"
| #define PACKAGE_VERSION "2.0.8"
| #define PACKAGE_STRING "pthsem 2.0.8"
| #define PACKAGE_BUGREPORT ""
| #define PACKAGE_URL ""
| #define PACKAGE "pthsem"
| #define VERSION "2.0.8"
| /* end confdefs.h.  */
| #include <ac_nonexistent.h>
configure:4044: result: gcc -E
configure:4064: gcc -E  conftest.c
configure:4064: $? = 0
configure:4078: gcc -E  conftest.c
conftest.c:11:28: fatal error: ac_nonexistent.h: No such file or directory
 #include <ac_nonexistent.h>
                            ^
compilation terminated.
configure:4078: $? = 1
configure: failed program was:
| /* confdefs.h */
| #define PACKAGE_NAME "pthsem"
| #define PACKAGE_TARNAME "pthsem"
| #define PACKAGE_VERSION "2.0.8"
| #define PACKAGE_STRING "pthsem 2.0.8"
| #define PACKAGE_BUGREPORT ""
| #define PACKAGE_URL ""
| #define PACKAGE "pthsem"
| #define VERSION "2.0.8"
| /* end confdefs.h.  */
| #include <ac_nonexistent.h>
configure:4106: checking for grep that handles long lines and -e
configure:4164: result: /bin/grep
configure:4169: checking for egrep
configure:4231: result: /bin/grep -E
configure:4236: checking whether make sets $(MAKE)
configure:4258: result: yes
configure:4365: checking for compilation debug mode
configure:4367: result: disabled
configure:4406: checking build system type
configure:4420: result: x86_64-unknown-linux-gnu
configure:4440: checking host system type
configure:4453: result: x86_64-unknown-linux-gnu
configure:4473: checking for a sed that does not truncate output
configure:4537: result: /bin/sed
configure:4555: checking for fgrep
configure:4617: result: /bin/grep -F
configure:4652: checking for ld used by gcc
configure:4719: result: /usr/bin/ld
configure:4726: checking if the linker (/usr/bin/ld) is GNU ld
configure:4741: result: yes
configure:4753: checking for BSD- or MS-compatible name lister (nm)
configure:4802: result: /usr/bin/nm -B
configure:4920: checking the name lister (/usr/bin/nm -B) interface
configure:4927: gcc -c -g -O2  conftest.c >&5
configure:4930: /usr/bin/nm -B "conftest.o"
configure:4933: output
0000000000000000 B some_variable
configure:4940: result: BSD nm
configure:4943: checking whether ln -s works
configure:4947: result: yes
configure:4955: checking the maximum length of command line arguments
configure:5075: result: 1572864
configure:5092: checking whether the shell understands some XSI constructs
configure:5102: result: yes
configure:5106: checking whether the shell understands "+="
configure:5112: result: yes
configure:5147: checking for /usr/bin/ld option to reload object files
configure:5154: result: -r
configure:5223: checking for objdump
configure:5239: found /usr/bin/objdump
configure:5250: result: objdump
configure:5282: checking how to recognize dependent libraries
configure:5478: result: pass_all
configure:5538: checking for ar
configure:5554: found /usr/bin/ar
configure:5565: result: ar
configure:5643: checking for strip
configure:5659: found /usr/bin/strip
configure:5670: result: strip
configure:5742: checking for ranlib
configure:5758: found /usr/bin/ranlib
configure:5769: result: ranlib
configure:5859: checking command to parse /usr/bin/nm -B output from gcc object
configure:5977: gcc -c -g -O2  conftest.c >&5
configure:5980: $? = 0
configure:5984: /usr/bin/nm -B conftest.o \| sed -n -e 's/^.*[	 ]\([ABCDGIRSTW][ABCDGIRSTW]*\)[	 ][	 ]*\([_A-Za-z][_A-Za-z0-9]*\)$/\1 \2 \2/p' \> conftest.nm
configure:5987: $? = 0
configure:6041: gcc -o conftest -g -O2   conftest.c conftstm.o >&5
configure:6044: $? = 0
configure:6082: result: ok
configure:6178: gcc -c -g -O2  conftest.c >&5
configure:6181: $? = 0
configure:6887: checking for ANSI C header files
configure:6907: gcc -c -g -O2  conftest.c >&5
configure:6907: $? = 0
configure:6980: gcc -o conftest -g -O2   conftest.c  >&5
configure:6980: $? = 0
configure:6980: ./conftest
configure:6980: $? = 0
configure:6991: result: yes
configure:7004: checking for sys/types.h
configure:7004: gcc -c -g -O2  conftest.c >&5
configure:7004: $? = 0
configure:7004: result: yes
configure:7004: checking for sys/stat.h
configure:7004: gcc -c -g -O2  conftest.c >&5
configure:7004: $? = 0
configure:7004: result: yes
configure:7004: checking for stdlib.h
configure:7004: gcc -c -g -O2  conftest.c >&5
configure:7004: $? = 0
configure:7004: result: yes
configure:7004: checking for string.h
configure:7004: gcc -c -g -O2  conftest.c >&5
configure:7004: $? = 0
configure:7004: result: yes
configure:7004: checking for memory.h
configure:7004: gcc -c -g -O2  conftest.c >&5
configure:7004: $? = 0
configure:7004: result: yes
configure:7004: checking for strings.h
configure:7004: gcc -c -g -O2  conftest.c >&5
configure:7004: $? = 0
configure:7004: result: yes
configure:7004: checking for inttypes.h
configure:7004: gcc -c -g -O2  conftest.c >&5
configure:7004: $? = 0
configure:7004: result: yes
configure:7004: checking for stdint.h
configure:7004: gcc -c -g -O2  conftest.c >&5
configure:7004: $? = 0
configure:7004: result: yes
configure:7004: checking for unistd.h
configure:7004: gcc -c -g -O2  conftest.c >&5
configure:7004: $? = 0
configure:7004: result: yes
configure:7019: checking for dlfcn.h
configure:7019: gcc -c -g -O2  conftest.c >&5
configure:7019: $? = 0
configure:7019: result: yes
configure:7203: checking for objdir
configure:7218: result: .libs
configure:7510: checking if gcc supports -fno-rtti -fno-exceptions
configure:7528: gcc -c -g -O2  -fno-rtti -fno-exceptions conftest.c >&5
cc1: warning: command line option '-fno-rtti' is valid for C++/ObjC++ but not for C [enabled by default]
configure:7532: $? = 0
configure:7545: result: no
configure:7565: checking for gcc option to produce PIC
configure:7837: result: -fPIC -DPIC
configure:7849: checking if gcc PIC flag -fPIC -DPIC works
configure:7867: gcc -c -g -O2  -fPIC -DPIC -DPIC conftest.c >&5
configure:7871: $? = 0
configure:7884: result: yes
configure:7908: checking if gcc static flag -static works
configure:7936: result: yes
configure:7951: checking if gcc supports -c -o file.o
configure:7972: gcc -c -g -O2  -o out/conftest2.o conftest.c >&5
configure:7976: $? = 0
configure:7998: result: yes
configure:8006: checking if gcc supports -c -o file.o
configure:8053: result: yes
configure:8086: checking whether the gcc linker (/usr/bin/ld -m elf_x86_64) supports shared libraries
configure:9072: result: yes
configure:9109: checking whether -lc should be explicitly linked in
configure:9114: gcc -c -g -O2  conftest.c >&5
configure:9117: $? = 0
configure:9132: gcc -shared conftest.o  -v -Wl,-soname -Wl,conftest -o conftest 2\>\&1 \| /bin/grep  -lc  \>/dev/null 2\>\&1
configure:9135: $? = 0
configure:9147: result: no
configure:9311: checking dynamic linker characteristics
configure:9744: gcc -o conftest -g -O2   -Wl,-rpath -Wl,/foo conftest.c  >&5
configure:9744: $? = 0
configure:9962: result: GNU/Linux ld.so
configure:10064: checking how to hardcode library paths into programs
configure:10089: result: immediate
configure:10609: checking whether stripping libraries is possible
configure:10614: result: yes
configure:10649: checking if libtool supports shared libraries
configure:10651: result: yes
configure:10654: checking whether to build shared libraries
configure:10675: result: yes
configure:10678: checking whether to build static libraries
configure:10682: result: yes
configure:10770: result: 
configure:10772: result: [1mMandatory Platform Environment:[m
configure:10777: checking for ANSI C header files
configure:10881: result: yes
configure:10892: checking stdio.h usability
configure:10892: gcc -c -g -O2  conftest.c >&5
configure:10892: $? = 0
configure:10892: result: yes
configure:10892: checking stdio.h presence
configure:10892: gcc -E  conftest.c
configure:10892: $? = 0
configure:10892: result: yes
configure:10892: checking for stdio.h
configure:10892: result: yes
configure:10892: checking for stdlib.h
configure:10892: result: yes
configure:10892: checking stdarg.h usability
configure:10892: gcc -c -g -O2  conftest.c >&5
configure:10892: $? = 0
configure:10892: result: yes
configure:10892: checking stdarg.h presence
configure:10892: gcc -E  conftest.c
configure:10892: $? = 0
configure:10892: result: yes
configure:10892: checking for stdarg.h
configure:10892: result: yes
configure:10892: checking for string.h
configure:10892: result: yes
configure:10892: checking signal.h usability
configure:10892: gcc -c -g -O2  conftest.c >&5
configure:10892: $? = 0
configure:10892: result: yes
configure:10892: checking signal.h presence
configure:10892: gcc -E  conftest.c
configure:10892: $? = 0
configure:10892: result: yes
configure:10892: checking for signal.h
configure:10892: result: yes
configure:10892: checking for unistd.h
configure:10892: result: yes
configure:10892: checking setjmp.h usability
configure:10892: gcc -c -g -O2  conftest.c >&5
configure:10892: $? = 0
configure:10892: result: yes
configure:10892: checking setjmp.h presence
configure:10892: gcc -E  conftest.c
configure:10892: $? = 0
configure:10892: result: yes
configure:10892: checking for setjmp.h
configure:10892: result: yes
configure:10892: checking fcntl.h usability
configure:10892: gcc -c -g -O2  conftest.c >&5
configure:10892: $? = 0
configure:10892: result: yes
configure:10892: checking fcntl.h presence
configure:10892: gcc -E  conftest.c
configure:10892: $? = 0
configure:10892: result: yes
configure:10892: checking for fcntl.h
configure:10892: result: yes
configure:10892: checking errno.h usability
configure:10892: gcc -c -g -O2  conftest.c >&5
configure:10892: $? = 0
configure:10892: result: yes
configure:10892: checking errno.h presence
configure:10892: gcc -E  conftest.c
configure:10892: $? = 0
configure:10892: result: yes
configure:10892: checking for errno.h
configure:10892: result: yes
configure:10892: checking for sys/types.h
configure:10892: result: yes
configure:10892: checking sys/time.h usability
configure:10892: gcc -c -g -O2  conftest.c >&5
configure:10892: $? = 0
configure:10892: result: yes
configure:10892: checking sys/time.h presence
configure:10892: gcc -E  conftest.c
configure:10892: $? = 0
configure:10892: result: yes
configure:10892: checking for sys/time.h
configure:10892: result: yes
configure:10892: checking sys/wait.h usability
configure:10892: gcc -c -g -O2  conftest.c >&5
configure:10892: $? = 0
configure:10892: result: yes
configure:10892: checking sys/wait.h presence
configure:10892: gcc -E  conftest.c
configure:10892: $? = 0
configure:10892: result: yes
configure:10892: checking for sys/wait.h
configure:10892: result: yes
configure:10892: checking for sys/stat.h
configure:10892: result: yes
configure:10892: checking sys/socket.h usability
configure:10892: gcc -c -g -O2  conftest.c >&5
configure:10892: $? = 0
configure:10892: result: yes
configure:10892: checking sys/socket.h presence
configure:10892: gcc -E  conftest.c
configure:10892: $? = 0
configure:10892: result: yes
configure:10892: checking for sys/socket.h
configure:10892: result: yes
configure:10906: checking for gettimeofday
configure:10906: gcc -o conftest -g -O2   conftest.c  >&5
configure:10906: $? = 0
configure:10906: result: yes
configure:10906: checking for select
configure:10906: gcc -o conftest -g -O2   conftest.c  >&5
configure:10906: $? = 0
configure:10906: result: yes
configure:10906: checking for sigaction
configure:10906: gcc -o conftest -g -O2   conftest.c  >&5
configure:10906: $? = 0
configure:10906: result: yes
configure:10906: checking for sigprocmask
configure:10906: gcc -o conftest -g -O2   conftest.c  >&5
configure:10906: $? = 0
configure:10906: result: yes
configure:10906: checking for sigpending
configure:10906: gcc -o conftest -g -O2   conftest.c  >&5
configure:10906: $? = 0
configure:10906: result: yes
configure:10906: checking for sigsuspend
configure:10906: gcc -o conftest -g -O2   conftest.c  >&5
configure:10906: $? = 0
configure:10906: result: yes
configure:10965: result: decision on mandatory system headers and functions... [1mall fine[m
configure:10973: result: 
configure:10975: result: [1mOptional Platform Environment:[m
configure:10980: checking for number of signals
configure:11017: gcc -o conftest -g -O2   conftest.c  >&5
conftest.c: In function 'main':
conftest.c:64:9: warning: incompatible implicit declaration of built-in function 'exit' [enabled by default]
         exit(1);
         ^
configure:11017: $? = 0
configure:11017: ./conftest
configure:11017: $? = 0
configure:11026: result: 65
configure:11035: checking for default value of FD_SETSIZE
configure:11066: gcc -o conftest -g -O2   conftest.c  >&5
conftest.c: In function 'main':
conftest.c:59:9: warning: incompatible implicit declaration of built-in function 'exit' [enabled by default]
         exit(1);
         ^
configure:11066: $? = 0
configure:11066: ./conftest
configure:11066: $? = 0
configure:11075: result: 1024
configure:11101: checking for poll
configure:11101: gcc -o conftest -g -O2   conftest.c  >&5
configure:11101: $? = 0
configure:11101: result: yes
configure:11110: checking for define POLLIN in poll.h
configure:11133: result: yes
configure:11141: checking whether poll(2) facility has to be faked
configure:11182: result: no
configure:11185: checking for define CLOCK_MONOTONIC in time.h
configure:11208: result: yes
configure:11216: checking for define __NR_clock_gettime in sys/syscall.h
configure:11239: result: yes
configure:11247: checking for library containing clock_gettime
configure:11278: gcc -o conftest -g -O2   conftest.c  >&5
configure:11278: $? = 0
configure:11295: result: none required
configure:11308: checking sys/uio.h usability
configure:11308: gcc -c -g -O2  conftest.c >&5
configure:11308: $? = 0
configure:11308: result: yes
configure:11308: checking sys/uio.h presence
configure:11308: gcc -E  conftest.c
configure:11308: $? = 0
configure:11308: result: yes
configure:11308: checking for sys/uio.h
configure:11308: result: yes
configure:11321: checking for readv
configure:11321: gcc -o conftest -g -O2   conftest.c  >&5
configure:11321: $? = 0
configure:11321: result: yes
configure:11321: checking for writev
configure:11321: gcc -o conftest -g -O2   conftest.c  >&5
configure:11321: $? = 0
configure:11321: result: yes
configure:11331: checking whether readv(2)/writev(2) facility has to be faked
configure:11372: result: no
configure:11378: checking for usleep
configure:11378: gcc -o conftest -g -O2   conftest.c  >&5
configure:11378: $? = 0
configure:11378: result: yes
configure:11378: checking for strerror
configure:11378: gcc -o conftest -g -O2   conftest.c  >&5
configure:11378: $? = 0
configure:11378: result: yes
configure:11392: checking sys/resource.h usability
configure:11392: gcc -c -g -O2  conftest.c >&5
configure:11392: $? = 0
configure:11392: result: yes
configure:11392: checking sys/resource.h presence
configure:11392: gcc -E  conftest.c
configure:11392: $? = 0
configure:11392: result: yes
configure:11392: checking for sys/resource.h
configure:11392: result: yes
configure:11392: checking net/errno.h usability
configure:11392: gcc -c -g -O2  conftest.c >&5
conftest.c:89:23: fatal error: net/errno.h: No such file or directory
 #include <net/errno.h>
                       ^
compilation terminated.
configure:11392: $? = 1
configure: failed program was:
| /* confdefs.h */
| #define PACKAGE_NAME "pthsem"
| #define PACKAGE_TARNAME "pthsem"
| #define PACKAGE_VERSION "2.0.8"
| #define PACKAGE_STRING "pthsem 2.0.8"
| #define PACKAGE_BUGREPORT ""
| #define PACKAGE_URL ""
| #define PACKAGE "pthsem"
| #define VERSION "2.0.8"
| #define STDC_HEADERS 1
| #define HAVE_SYS_TYPES_H 1
| #define HAVE_SYS_STAT_H 1
| #define HAVE_STDLIB_H 1
| #define HAVE_STRING_H 1
| #define HAVE_MEMORY_H 1
| #define HAVE_STRINGS_H 1
| #define HAVE_INTTYPES_H 1
| #define HAVE_STDINT_H 1
| #define HAVE_UNISTD_H 1
| #define HAVE_DLFCN_H 1
| #define LT_OBJDIR ".libs/"
| #define STDC_HEADERS 1
| #define HAVE_STDIO_H 1
| #define HAVE_STDLIB_H 1
| #define HAVE_STDARG_H 1
| #define HAVE_STRING_H 1
| #define HAVE_SIGNAL_H 1
| #define HAVE_UNISTD_H 1
| #define HAVE_SETJMP_H 1
| #define HAVE_FCNTL_H 1
| #define HAVE_ERRNO_H 1
| #define HAVE_SYS_TYPES_H 1
| #define HAVE_SYS_TIME_H 1
| #define HAVE_SYS_WAIT_H 1
| #define HAVE_SYS_STAT_H 1
| #define HAVE_SYS_SOCKET_H 1
| #define HAVE_GETTIMEOFDAY 1
| #define HAVE_SELECT 1
| #define HAVE_SIGACTION 1
| #define HAVE_SIGPROCMASK 1
| #define HAVE_SIGPENDING 1
| #define HAVE_SIGSUSPEND 1
| #define PTH_NSIG 65
| #define HAVE_POLL 1
| #define HAVE_POLLIN 1
| #define HAVE_CLOCK_MONOTONIC 1
| #define HAVE___NR_CLOCK_GETTIME 1
| #define HAVE_CLOCK_GETTIME 1
| #define HAVE_SYS_UIO_H 1
| #define HAVE_READV 1
| #define HAVE_WRITEV 1
| #define HAVE_USLEEP 1
| #define HAVE_STRERROR 1
| #define HAVE_SYS_RESOURCE_H 1
| /* end confdefs.h.  */
| #include <stdio.h>
| #ifdef HAVE_SYS_TYPES_H
| # include <sys/types.h>
| #endif
| #ifdef HAVE_SYS_STAT_H
| # include <sys/stat.h>
| #endif
| #ifdef STDC_HEADERS
| # include <stdlib.h>
| # include <stddef.h>
| #else
| # ifdef HAVE_STDLIB_H
| #  include <stdlib.h>
| # endif
| #endif
| #ifdef HAVE_STRING_H
| # if !defined STDC_HEADERS && defined HAVE_MEMORY_H
| #  include <memory.h>
| # endif
| # include <string.h>
| #endif
| #ifdef HAVE_STRINGS_H
| # include <strings.h>
| #endif
| #ifdef HAVE_INTTYPES_H
| # include <inttypes.h>
| #endif
| #ifdef HAVE_STDINT_H
| # include <stdint.h>
| #endif
| #ifdef HAVE_UNISTD_H
| # include <unistd.h>
| #endif
| #include <net/errno.h>
configure:11392: result: no
configure:11392: checking net/errno.h presence
configure:11392: gcc -E  conftest.c
conftest.c:56:23: fatal error: net/errno.h: No such file or directory
 #include <net/errno.h>
                       ^
compilation terminated.
configure:11392: $? = 1
configure: failed program was:
| /* confdefs.h */
| #define PACKAGE_NAME "pthsem"
| #define PACKAGE_TARNAME "pthsem"
| #define PACKAGE_VERSION "2.0.8"
| #define PACKAGE_STRING "pthsem 2.0.8"
| #define PACKAGE_BUGREPORT ""
| #define PACKAGE_URL ""
| #define PACKAGE "pthsem"
| #define VERSION "2.0.8"
| #define STDC_HEADERS 1
| #define HAVE_SYS_TYPES_H 1
| #define HAVE_SYS_STAT_H 1
| #define HAVE_STDLIB_H 1
| #define HAVE_STRING_H 1
| #define HAVE_MEMORY_H 1
| #define HAVE_STRINGS_H 1
| #define HAVE_INTTYPES_H 1
| #define HAVE_STDINT_H 1
| #define HAVE_UNISTD_H 1
| #define HAVE_DLFCN_H 1
| #define LT_OBJDIR ".libs/"
| #define STDC_HEADERS 1
| #define HAVE_STDIO_H 1
| #define HAVE_STDLIB_H 1
| #define HAVE_STDARG_H 1
| #define HAVE_STRING_H 1
| #define HAVE_SIGNAL_H 1
| #define HAVE_UNISTD_H 1
| #define HAVE_SETJMP_H 1
| #define HAVE_FCNTL_H 1
| #define HAVE_ERRNO_H 1
| #define HAVE_SYS_TYPES_H 1
| #define HAVE_SYS_TIME_H 1
| #define HAVE_SYS_WAIT_H 1
| #define HAVE_SYS_STAT_H 1
| #define HAVE_SYS_SOCKET_H 1
| #define HAVE_GETTIMEOFDAY 1
| #define HAVE_SELECT 1
| #define HAVE_SIGACTION 1
| #define HAVE_SIGPROCMASK 1
| #define HAVE_SIGPENDING 1
| #define HAVE_SIGSUSPEND 1
| #define PTH_NSIG 65
| #define HAVE_POLL 1
| #define HAVE_POLLIN 1
| #define HAVE_CLOCK_MONOTONIC 1
| #define HAVE___NR_CLOCK_GETTIME 1
| #define HAVE_CLOCK_GETTIME 1
| #define HAVE_SYS_UIO_H 1
| #define HAVE_READV 1
| #define HAVE_WRITEV 1
| #define HAVE_USLEEP 1
| #define HAVE_STRERROR 1
| #define HAVE_SYS_RESOURCE_H 1
| /* end confdefs.h.  */
| #include <net/errno.h>
configure:11392: result: no
configure:11392: checking for net/errno.h
configure:11392: result: no
configure:11392: checking paths.h usability
configure:11392: gcc -c -g -O2  conftest.c >&5
configure:11392: $? = 0
configure:11392: result: yes
configure:11392: checking paths.h presence
configure:11392: gcc -E  conftest.c
configure:11392: $? = 0
configure:11392: result: yes
configure:11392: checking for paths.h
configure:11392: result: yes
configure:11404: checking for library containing gethostname
configure:11435: gcc -o conftest -g -O2   conftest.c  >&5
configure:11435: $? = 0
configure:11452: result: none required
configure:11517: checking for library containing accept
configure:11548: gcc -o conftest -g -O2   conftest.c  >&5
configure:11548: $? = 0
configure:11565: result: none required
configure:11576: checking sys/select.h usability
configure:11576: gcc -c -g -O2  conftest.c >&5
configure:11576: $? = 0
configure:11576: result: yes
configure:11576: checking sys/select.h presence
configure:11576: gcc -E  conftest.c
configure:11576: $? = 0
configure:11576: result: yes
configure:11576: checking for sys/select.h
configure:11576: result: yes
configure:11592: checking for typedef sig_atomic_t
configure:11612: result: yes
configure:11626: checking for typedef pid_t
configure:11646: result: yes
configure:11660: checking for typedef size_t
configure:11680: result: yes
configure:11694: checking for typedef ssize_t
configure:11714: result: yes
configure:11728: checking for typedef off_t
configure:11748: result: yes
configure:11762: checking for typedef stack_t
configure:11782: result: yes
configure:11791: checking for attribute ss_base in struct sigaltstack from sys/signal.h
configure:11814: gcc -o conftest -g -O2   conftest.c  >&5
conftest.c: In function 'main':
conftest.c:74:4: error: 'struct sigaltstack' has no member named 'ss_base'
 sp1->ss_base = sp2->ss_base;
    ^
conftest.c:74:19: error: 'struct sigaltstack' has no member named 'ss_base'
 sp1->ss_base = sp2->ss_base;
                   ^
configure:11814: $? = 1
configure: failed program was:
| /* confdefs.h */
| #define PACKAGE_NAME "pthsem"
| #define PACKAGE_TARNAME "pthsem"
| #define PACKAGE_VERSION "2.0.8"
| #define PACKAGE_STRING "pthsem 2.0.8"
| #define PACKAGE_BUGREPORT ""
| #define PACKAGE_URL ""
| #define PACKAGE "pthsem"
| #define VERSION "2.0.8"
| #define STDC_HEADERS 1
| #define HAVE_SYS_TYPES_H 1
| #define HAVE_SYS_STAT_H 1
| #define HAVE_STDLIB_H 1
| #define HAVE_STRING_H 1
| #define HAVE_MEMORY_H 1
| #define HAVE_STRINGS_H 1
| #define HAVE_INTTYPES_H 1
| #define HAVE_STDINT_H 1
| #define HAVE_UNISTD_H 1
| #define HAVE_DLFCN_H 1
| #define LT_OBJDIR ".libs/"
| #define STDC_HEADERS 1
| #define HAVE_STDIO_H 1
| #define HAVE_STDLIB_H 1
| #define HAVE_STDARG_H 1
| #define HAVE_STRING_H 1
| #define HAVE_SIGNAL_H 1
| #define HAVE_UNISTD_H 1
| #define HAVE_SETJMP_H 1
| #define HAVE_FCNTL_H 1
| #define HAVE_ERRNO_H 1
| #define HAVE_SYS_TYPES_H 1
| #define HAVE_SYS_TIME_H 1
| #define HAVE_SYS_WAIT_H 1
| #define HAVE_SYS_STAT_H 1
| #define HAVE_SYS_SOCKET_H 1
| #define HAVE_GETTIMEOFDAY 1
| #define HAVE_SELECT 1
| #define HAVE_SIGACTION 1
| #define HAVE_SIGPROCMASK 1
| #define HAVE_SIGPENDING 1
| #define HAVE_SIGSUSPEND 1
| #define PTH_NSIG 65
| #define HAVE_POLL 1
| #define HAVE_POLLIN 1
| #define HAVE_CLOCK_MONOTONIC 1
| #define HAVE___NR_CLOCK_GETTIME 1
| #define HAVE_CLOCK_GETTIME 1
| #define HAVE_SYS_UIO_H 1
| #define HAVE_READV 1
| #define HAVE_WRITEV 1
| #define HAVE_USLEEP 1
| #define HAVE_STRERROR 1
| #define HAVE_SYS_RESOURCE_H 1
| #define HAVE_PATHS_H 1
| #define HAVE_SYS_SELECT_H 1
| #define HAVE_SIG_ATOMIC_T 1
| #define HAVE_PID_T 1
| #define HAVE_SIZE_T 1
| #define HAVE_SSIZE_T 1
| #define HAVE_OFF_T 1
| #define HAVE_STACK_T 1
| /* end confdefs.h.  */
| 
| #include <sys/types.h>
| #include <sys/signal.h>
| 
| int
| main ()
| {
| 
| struct sigaltstack *sp1;
| struct sigaltstack *sp2;
| sp1->ss_base = sp2->ss_base;
| 
|   ;
|   return 0;
| }
configure:11822: result: no
configure:11830: checking for attribute ss_sp in struct sigaltstack from sys/signal.h
configure:11853: gcc -o conftest -g -O2   conftest.c  >&5
configure:11853: $? = 0
configure:11861: result: yes
configure:11870: checking for a single-argument based gettimeofday
configure:11891: gcc -c -g -O2  conftest.c >&5
conftest.c: In function 'main':
conftest.c:75:1: error: too few arguments to function 'gettimeofday'
 (void)gettimeofday(&tv);
 ^
In file included from conftest.c:67:0:
/usr/include/x86_64-linux-gnu/sys/time.h:71:12: note: declared here
 extern int gettimeofday (struct timeval *__restrict __tv,
            ^
configure:11891: $? = 1
configure: failed program was:
| /* confdefs.h */
| #define PACKAGE_NAME "pthsem"
| #define PACKAGE_TARNAME "pthsem"
| #define PACKAGE_VERSION "2.0.8"
| #define PACKAGE_STRING "pthsem 2.0.8"
| #define PACKAGE_BUGREPORT ""
| #define PACKAGE_URL ""
| #define PACKAGE "pthsem"
| #define VERSION "2.0.8"
| #define STDC_HEADERS 1
| #define HAVE_SYS_TYPES_H 1
| #define HAVE_SYS_STAT_H 1
| #define HAVE_STDLIB_H 1
| #define HAVE_STRING_H 1
| #define HAVE_MEMORY_H 1
| #define HAVE_STRINGS_H 1
| #define HAVE_INTTYPES_H 1
| #define HAVE_STDINT_H 1
| #define HAVE_UNISTD_H 1
| #define HAVE_DLFCN_H 1
| #define LT_OBJDIR ".libs/"
| #define STDC_HEADERS 1
| #define HAVE_STDIO_H 1
| #define HAVE_STDLIB_H 1
| #define HAVE_STDARG_H 1
| #define HAVE_STRING_H 1
| #define HAVE_SIGNAL_H 1
| #define HAVE_UNISTD_H 1
| #define HAVE_SETJMP_H 1
| #define HAVE_FCNTL_H 1
| #define HAVE_ERRNO_H 1
| #define HAVE_SYS_TYPES_H 1
| #define HAVE_SYS_TIME_H 1
| #define HAVE_SYS_WAIT_H 1
| #define HAVE_SYS_STAT_H 1
| #define HAVE_SYS_SOCKET_H 1
| #define HAVE_GETTIMEOFDAY 1
| #define HAVE_SELECT 1
| #define HAVE_SIGACTION 1
| #define HAVE_SIGPROCMASK 1
| #define HAVE_SIGPENDING 1
| #define HAVE_SIGSUSPEND 1
| #define PTH_NSIG 65
| #define HAVE_POLL 1
| #define HAVE_POLLIN 1
| #define HAVE_CLOCK_MONOTONIC 1
| #define HAVE___NR_CLOCK_GETTIME 1
| #define HAVE_CLOCK_GETTIME 1
| #define HAVE_SYS_UIO_H 1
| #define HAVE_READV 1
| #define HAVE_WRITEV 1
| #define HAVE_USLEEP 1
| #define HAVE_STRERROR 1
| #define HAVE_SYS_RESOURCE_H 1
| #define HAVE_PATHS_H 1
| #define HAVE_SYS_SELECT_H 1
| #define HAVE_SIG_ATOMIC_T 1
| #define HAVE_PID_T 1
| #define HAVE_SIZE_T 1
| #define HAVE_SSIZE_T 1
| #define HAVE_OFF_T 1
| #define HAVE_STACK_T 1
| #define HAVE_SS_SP 1
| /* end confdefs.h.  */
| 
| #include <sys/types.h>
| #include <sys/time.h>
| #include <unistd.h>
| 
| int
| main ()
| {
| 
| struct timeval tv;
| (void)gettimeofday(&tv);
| 
|   ;
|   return 0;
| }
configure:11908: result: no
configure:11911: checking for struct timespec
configure:11930: gcc -c -g -O2  conftest.c >&5
configure:11930: $? = 0
configure:11943: result: yes
configure:11946: checking for typedef socklen_t
configure:11966: result: yes
configure:11974: checking for type of argument 3 for accept()
configure:12034: result: socklen_t *__restrict
configure:12039: checking for fallback socklen_t
configure:12055: result: socklen_t
configure:12067: checking for typedef nfds_t
configure:12087: result: yes
configure:12095: checking for type of argument 2 for poll()
configure:12155: result: nfds_t
configure:12160: checking for fallback nfds_t
configure:12176: result: nfds_t
configure:12188: checking for built-in type long long
configure:12209: gcc -o conftest -g -O2   conftest.c  >&5
configure:12209: $? = 0
configure:12218: result: yes
configure:12226: checking for built-in type long double
configure:12247: gcc -o conftest -g -O2   conftest.c  >&5
configure:12247: $? = 0
configure:12256: result: yes
configure:12267: result: 
configure:12269: result: [1mMachine Context Implementation:[m
configure:12275: checking for ucontext.h
configure:12275: gcc -c -g -O2  conftest.c >&5
configure:12275: $? = 0
configure:12275: result: yes
configure:12285: checking for makecontext
configure:12285: gcc -o conftest -g -O2   conftest.c  >&5
configure:12285: $? = 0
configure:12285: result: yes
configure:12285: checking for swapcontext
configure:12285: gcc -o conftest -g -O2   conftest.c  >&5
configure:12285: $? = 0
configure:12285: result: yes
configure:12285: checking for getcontext
configure:12285: gcc -o conftest -g -O2   conftest.c  >&5
configure:12285: $? = 0
configure:12285: result: yes
configure:12285: checking for setcontext
configure:12285: gcc -o conftest -g -O2   conftest.c  >&5
configure:12285: $? = 0
configure:12285: result: yes
configure:12296: checking for usable SVR4/SUSv2 makecontext(2)/swapcontext(2)
configure:12362: gcc -o conftest -g -O2   conftest.c  >&5
conftest.c: In function 'main':
conftest.c:111:5: warning: passing argument 2 of 'makecontext' from incompatible pointer type [enabled by default]
     makecontext(&uc_child, child, 2, (void *)12345);
     ^
In file included from conftest.c:78:0:
/usr/include/ucontext.h:47:13: note: expected 'void (*)(void)' but argument is of type 'void (*)(void *)'
 extern void makecontext (ucontext_t *__ucp, void (*__func) (void),
             ^
configure:12362: $? = 0
configure:12362: ./conftest
configure:12362: $? = 0
configure:12372: result: yes
configure:12383: checking for signal.h
configure:12383: result: yes
configure:12396: checking for sigsetjmp
configure:12396: gcc -o conftest -g -O2   conftest.c  >&5
/tmp/ccUOnfCn.o: In function `main':
/usr/local/knxcontrol/installation/pthsem-2.0.8/conftest.c:109: undefined reference to `sigsetjmp'
collect2: error: ld returned 1 exit status
configure:12396: $? = 1
configure: failed program was:
| /* confdefs.h */
| #define PACKAGE_NAME "pthsem"
| #define PACKAGE_TARNAME "pthsem"
| #define PACKAGE_VERSION "2.0.8"
| #define PACKAGE_STRING "pthsem 2.0.8"
| #define PACKAGE_BUGREPORT ""
| #define PACKAGE_URL ""
| #define PACKAGE "pthsem"
| #define VERSION "2.0.8"
| #define STDC_HEADERS 1
| #define HAVE_SYS_TYPES_H 1
| #define HAVE_SYS_STAT_H 1
| #define HAVE_STDLIB_H 1
| #define HAVE_STRING_H 1
| #define HAVE_MEMORY_H 1
| #define HAVE_STRINGS_H 1
| #define HAVE_INTTYPES_H 1
| #define HAVE_STDINT_H 1
| #define HAVE_UNISTD_H 1
| #define HAVE_DLFCN_H 1
| #define LT_OBJDIR ".libs/"
| #define STDC_HEADERS 1
| #define HAVE_STDIO_H 1
| #define HAVE_STDLIB_H 1
| #define HAVE_STDARG_H 1
| #define HAVE_STRING_H 1
| #define HAVE_SIGNAL_H 1
| #define HAVE_UNISTD_H 1
| #define HAVE_SETJMP_H 1
| #define HAVE_FCNTL_H 1
| #define HAVE_ERRNO_H 1
| #define HAVE_SYS_TYPES_H 1
| #define HAVE_SYS_TIME_H 1
| #define HAVE_SYS_WAIT_H 1
| #define HAVE_SYS_STAT_H 1
| #define HAVE_SYS_SOCKET_H 1
| #define HAVE_GETTIMEOFDAY 1
| #define HAVE_SELECT 1
| #define HAVE_SIGACTION 1
| #define HAVE_SIGPROCMASK 1
| #define HAVE_SIGPENDING 1
| #define HAVE_SIGSUSPEND 1
| #define PTH_NSIG 65
| #define HAVE_POLL 1
| #define HAVE_POLLIN 1
| #define HAVE_CLOCK_MONOTONIC 1
| #define HAVE___NR_CLOCK_GETTIME 1
| #define HAVE_CLOCK_GETTIME 1
| #define HAVE_SYS_UIO_H 1
| #define HAVE_READV 1
| #define HAVE_WRITEV 1
| #define HAVE_USLEEP 1
| #define HAVE_STRERROR 1
| #define HAVE_SYS_RESOURCE_H 1
| #define HAVE_PATHS_H 1
| #define HAVE_SYS_SELECT_H 1
| #define HAVE_SIG_ATOMIC_T 1
| #define HAVE_PID_T 1
| #define HAVE_SIZE_T 1
| #define HAVE_SSIZE_T 1
| #define HAVE_OFF_T 1
| #define HAVE_STACK_T 1
| #define HAVE_SS_SP 1
| #define HAVE_STRUCT_TIMESPEC 1
| #define HAVE_SOCKLEN_T 1
| #define HAVE_NFDS_T 1
| #define HAVE_LONGLONG 1
| #define HAVE_LONGDOUBLE 1
| #define HAVE_MAKECONTEXT 1
| #define HAVE_SWAPCONTEXT 1
| #define HAVE_GETCONTEXT 1
| #define HAVE_SETCONTEXT 1
| #define HAVE_SIGNAL_H 1
| /* end confdefs.h.  */
| /* Define sigsetjmp to an innocuous variant, in case <limits.h> declares sigsetjmp.
|    For example, HP-UX 11i <limits.h> declares gettimeofday.  */
| #define sigsetjmp innocuous_sigsetjmp
| 
| /* System header to define __stub macros and hopefully few prototypes,
|     which can conflict with char sigsetjmp (); below.
|     Prefer <limits.h> to <assert.h> if __STDC__ is defined, since
|     <limits.h> exists even on freestanding compilers.  */
| 
| #ifdef __STDC__
| # include <limits.h>
| #else
| # include <assert.h>
| #endif
| 
| #undef sigsetjmp
| 
| /* Override any GCC internal prototype to avoid an error.
|    Use char because int might match the return type of a GCC
|    builtin and then its argument prototype would still apply.  */
| #ifdef __cplusplus
| extern "C"
| #endif
| char sigsetjmp ();
| /* The GNU C library defines this for functions which it implements
|     to always fail with ENOSYS.  Some functions are actually named
|     something starting with __ and the normal name is an alias.  */
| #if defined __stub_sigsetjmp || defined __stub___sigsetjmp
| choke me
| #endif
| 
| int
| main ()
| {
| return sigsetjmp ();
|   ;
|   return 0;
| }
configure:12396: result: no
configure:12396: checking for siglongjmp
configure:12396: gcc -o conftest -g -O2   conftest.c  >&5
configure:12396: $? = 0
configure:12396: result: yes
configure:12396: checking for setjmp
configure:12396: gcc -o conftest -g -O2   conftest.c  >&5
configure:12396: $? = 0
configure:12396: result: yes
configure:12396: checking for longjmp
configure:12396: gcc -o conftest -g -O2   conftest.c  >&5
configure:12396: $? = 0
configure:12396: result: yes
configure:12396: checking for _setjmp
configure:12396: gcc -o conftest -g -O2   conftest.c  >&5
configure:12396: $? = 0
configure:12396: result: yes
configure:12396: checking for _longjmp
configure:12396: gcc -o conftest -g -O2   conftest.c  >&5
configure:12396: $? = 0
configure:12396: result: yes
configure:12409: checking for sigaltstack
configure:12409: gcc -o conftest -g -O2   conftest.c  >&5
configure:12409: $? = 0
configure:12409: result: yes
configure:12409: checking for sigstack
configure:12409: gcc -o conftest -g -O2   conftest.c  >&5
/tmp/ccevJQIO.o: In function `main':
/usr/local/knxcontrol/installation/pthsem-2.0.8/conftest.c:115: warning: the `sigstack' function is dangerous.  `sigaltstack' should be used instead.
configure:12409: $? = 0
configure:12409: result: yes
configure:12419: checking for signal-mask aware setjmp(3)/longjmp(3)
configure:12566: gcc -o conftest -g -O2 -DTEST_ssjlj   conftest.c  >&5
conftest.c: In function 'sighandler':
conftest.c:114:9: warning: incompatible implicit declaration of built-in function 'exit' [enabled by default]
         exit(1);
         ^
conftest.c: In function 'main':
conftest.c:133:9: warning: incompatible implicit declaration of built-in function 'exit' [enabled by default]
         exit(1);
         ^
conftest.c:147:9: warning: incompatible implicit declaration of built-in function 'memset' [enabled by default]
         memset((void *)&sa, 0, sizeof(struct sigaction));
         ^
configure:12566: $? = 0
configure:12566: ./conftest
configure:12566: $? = 0
configure:12620: result: yes: sjljlx
configure:12745: checking for typedef stack_t
configure:12765: result: yes
configure:12774: checking for direction of stack growth
configure:12814: gcc -o conftest -g -O2   conftest.c  >&5
configure:12814: $? = 0
configure:12814: ./conftest
configure:12814: $? = 0
configure:12824: result: down
configure:12853: checking for makecontext
configure:12853: result: yes
configure:12863: checking for stack setup via makecontext
configure:13015: gcc -o conftest -g -O2 -DTEST_makecontext   conftest.c  >&5
conftest.c: In function 'main':
conftest.c:199:59: warning: format '%d' expects argument of type 'int', but argument 3 has type 'long unsigned int' [-Wformat=]
                      sizeof(union alltypes), sizeof(union alltypes));
                                                           ^
conftest.c:199:59: warning: format '%d' expects argument of type 'int', but argument 4 has type 'long unsigned int' [-Wformat=]
conftest.c:206:66: warning: format '%d' expects argument of type 'int', but argument 3 has type 'long unsigned int' [-Wformat=]
             sprintf(result, "(skaddr),(sksize)-%d", sizeof(union alltypes));
                                                                  ^
configure:13015: $? = 0
configure:13015: ./conftest
configure:13015: $? = 0
configure:13038: result: ok
configure:13055: checking for sigaltstack
configure:13055: result: yes
configure:13069: checking for typedef stack_t
configure:13089: result: yes
configure:13100: checking for stack setup via sigaltstack
configure:13252: gcc -o conftest -g -O2 -DTEST_sigaltstack   conftest.c  >&5
conftest.c: In function 'main':
conftest.c:201:59: warning: format '%d' expects argument of type 'int', but argument 3 has type 'long unsigned int' [-Wformat=]
                      sizeof(union alltypes), sizeof(union alltypes));
                                                           ^
conftest.c:201:59: warning: format '%d' expects argument of type 'int', but argument 4 has type 'long unsigned int' [-Wformat=]
conftest.c:208:66: warning: format '%d' expects argument of type 'int', but argument 3 has type 'long unsigned int' [-Wformat=]
             sprintf(result, "(skaddr),(sksize)-%d", sizeof(union alltypes));
                                                                  ^
configure:13252: $? = 0
configure:13252: ./conftest
configure:13252: $? = 0
configure:13275: result: ok
configure:13291: checking for sigstack
configure:13291: result: yes
configure:13301: checking for stack setup via sigstack
configure:13453: gcc -o conftest -g -O2 -DTEST_sigstack   conftest.c  >&5
conftest.c: In function 'main':
conftest.c:165:9: warning: 'sigstack' is deprecated (declared at /usr/include/signal.h:358) [-Wdeprecated-declarations]
         if (sigstack(&ss, NULL) < 0)
         ^
conftest.c:202:59: warning: format '%d' expects argument of type 'int', but argument 3 has type 'long unsigned int' [-Wformat=]
                      sizeof(union alltypes), sizeof(union alltypes));
                                                           ^
conftest.c:202:59: warning: format '%d' expects argument of type 'int', but argument 4 has type 'long unsigned int' [-Wformat=]
conftest.c:209:66: warning: format '%d' expects argument of type 'int', but argument 3 has type 'long unsigned int' [-Wformat=]
             sprintf(result, "(skaddr),(sksize)-%d", sizeof(union alltypes));
                                                                  ^
/tmp/ccpmGYlu.o: In function `main':
/usr/local/knxcontrol/installation/pthsem-2.0.8/conftest.c:165: warning: the `sigstack' function is dangerous.  `sigaltstack' should be used instead.
configure:13453: $? = 0
configure:13453: ./conftest
./configure: line 1914: 11806 Segmentation fault      (core dumped) ./conftest$ac_exeext
configure:13453: $? = 139
configure: program exited with status 139
configure: failed program was:
| /* confdefs.h */
| #define PACKAGE_NAME "pthsem"
| #define PACKAGE_TARNAME "pthsem"
| #define PACKAGE_VERSION "2.0.8"
| #define PACKAGE_STRING "pthsem 2.0.8"
| #define PACKAGE_BUGREPORT ""
| #define PACKAGE_URL ""
| #define PACKAGE "pthsem"
| #define VERSION "2.0.8"
| #define STDC_HEADERS 1
| #define HAVE_SYS_TYPES_H 1
| #define HAVE_SYS_STAT_H 1
| #define HAVE_STDLIB_H 1
| #define HAVE_STRING_H 1
| #define HAVE_MEMORY_H 1
| #define HAVE_STRINGS_H 1
| #define HAVE_INTTYPES_H 1
| #define HAVE_STDINT_H 1
| #define HAVE_UNISTD_H 1
| #define HAVE_DLFCN_H 1
| #define LT_OBJDIR ".libs/"
| #define STDC_HEADERS 1
| #define HAVE_STDIO_H 1
| #define HAVE_STDLIB_H 1
| #define HAVE_STDARG_H 1
| #define HAVE_STRING_H 1
| #define HAVE_SIGNAL_H 1
| #define HAVE_UNISTD_H 1
| #define HAVE_SETJMP_H 1
| #define HAVE_FCNTL_H 1
| #define HAVE_ERRNO_H 1
| #define HAVE_SYS_TYPES_H 1
| #define HAVE_SYS_TIME_H 1
| #define HAVE_SYS_WAIT_H 1
| #define HAVE_SYS_STAT_H 1
| #define HAVE_SYS_SOCKET_H 1
| #define HAVE_GETTIMEOFDAY 1
| #define HAVE_SELECT 1
| #define HAVE_SIGACTION 1
| #define HAVE_SIGPROCMASK 1
| #define HAVE_SIGPENDING 1
| #define HAVE_SIGSUSPEND 1
| #define PTH_NSIG 65
| #define HAVE_POLL 1
| #define HAVE_POLLIN 1
| #define HAVE_CLOCK_MONOTONIC 1
| #define HAVE___NR_CLOCK_GETTIME 1
| #define HAVE_CLOCK_GETTIME 1
| #define HAVE_SYS_UIO_H 1
| #define HAVE_READV 1
| #define HAVE_WRITEV 1
| #define HAVE_USLEEP 1
| #define HAVE_STRERROR 1
| #define HAVE_SYS_RESOURCE_H 1
| #define HAVE_PATHS_H 1
| #define HAVE_SYS_SELECT_H 1
| #define HAVE_SIG_ATOMIC_T 1
| #define HAVE_PID_T 1
| #define HAVE_SIZE_T 1
| #define HAVE_SSIZE_T 1
| #define HAVE_OFF_T 1
| #define HAVE_STACK_T 1
| #define HAVE_SS_SP 1
| #define HAVE_STRUCT_TIMESPEC 1
| #define HAVE_SOCKLEN_T 1
| #define HAVE_NFDS_T 1
| #define HAVE_LONGLONG 1
| #define HAVE_LONGDOUBLE 1
| #define HAVE_MAKECONTEXT 1
| #define HAVE_SWAPCONTEXT 1
| #define HAVE_GETCONTEXT 1
| #define HAVE_SETCONTEXT 1
| #define HAVE_SIGNAL_H 1
| #define HAVE_SIGLONGJMP 1
| #define HAVE_SETJMP 1
| #define HAVE_LONGJMP 1
| #define HAVE__SETJMP 1
| #define HAVE__LONGJMP 1
| #define HAVE_SIGALTSTACK 1
| #define HAVE_SIGSTACK 1
| #define HAVE_STACK_T 1
| #define PTH_STACKGROWTH -1
| #define HAVE_MAKECONTEXT 1
| #define HAVE_SIGALTSTACK 1
| #define HAVE_STACK_T 1
| #define HAVE_SIGSTACK 1
| /* end confdefs.h.  */
| 
| #include <stdio.h>
| #include <stdlib.h>
| #include <string.h>
| #if defined(TEST_sigstack) || defined(TEST_sigaltstack)
| #include <sys/types.h>
| #include <signal.h>
| #include <unistd.h>
| #endif
| #if defined(TEST_makecontext)
| #include <ucontext.h>
| #endif
| union alltypes {
|     long   l;
|     double d;
|     void  *vp;
|     void (*fp)(void);
|     char  *cp;
| };
| static volatile char *handler_addr = (char *)0xDEAD;
| #if defined(TEST_sigstack) || defined(TEST_sigaltstack)
| static volatile int handler_done = 0;
| void handler(int sig)
| {
|     char garbage[1024];
|     int i;
|     auto int dummy;
|     for (i = 0; i < 1024; i++)
|         garbage[i] = 'X';
|     handler_addr = (char *)&dummy;
|     handler_done = 1;
|     return;
| }
| #endif
| #if defined(TEST_makecontext)
| static ucontext_t uc_handler;
| static ucontext_t uc_main;
| void handler(void)
| {
|     char garbage[1024];
|     int i;
|     auto int dummy;
|     for (i = 0; i < 1024; i++)
|         garbage[i] = 'X';
|     handler_addr = (char *)&dummy;
|     swapcontext(&uc_handler, &uc_main);
|     return;
| }
| #endif
| int main(int argc, char *argv[])
| {
|     FILE *f;
|     char *skaddr;
|     char *skbuf;
|     int sksize;
|     char result[1024];
|     int i;
|     sksize = 32768;
|     skbuf = (char *)malloc(sksize*2+2*sizeof(union alltypes));
|     if (skbuf == NULL)
|         exit(1);
|     for (i = 0; i < sksize*2+2*sizeof(union alltypes); i++)
|         skbuf[i] = 'A';
|     skaddr = skbuf+sizeof(union alltypes);
| #if defined(TEST_sigstack) || defined(TEST_sigaltstack)
|     {
|         struct sigaction sa;
| #if defined(TEST_sigstack)
|         struct sigstack ss;
| #elif defined(TEST_sigaltstack) && defined(HAVE_STACK_T)
|         stack_t ss;
| #else
|         struct sigaltstack ss;
| #endif
| #if defined(TEST_sigstack)
|         ss.ss_sp      = (void *)(skaddr + sksize);
|         ss.ss_onstack = 0;
|         if (sigstack(&ss, NULL) < 0)
|             exit(1);
| #elif defined(TEST_sigaltstack)
|         ss.ss_sp    = (void *)(skaddr + sksize);
|         ss.ss_size  = sksize;
|         ss.ss_flags = 0;
|         if (sigaltstack(&ss, NULL) < 0)
|             exit(1);
| #endif
|         memset((void *)&sa, 0, sizeof(struct sigaction));
|         sa.sa_handler = handler;
|         sa.sa_flags = SA_ONSTACK;
|         sigemptyset(&sa.sa_mask);
|         sigaction(SIGUSR1, &sa, NULL);
|         kill(getpid(), SIGUSR1);
|         while (!handler_done)
|             /*nop*/;
|     }
| #endif
| #if defined(TEST_makecontext)
|     {
|         if (getcontext(&uc_handler) != 0)
|             exit(1);
|         uc_handler.uc_link = NULL;
|         uc_handler.uc_stack.ss_sp    = (void *)(skaddr + sksize);
|         uc_handler.uc_stack.ss_size  = sksize;
|         uc_handler.uc_stack.ss_flags = 0;
|         makecontext(&uc_handler, handler, 1);
|         swapcontext(&uc_main, &uc_handler);
|     }
| #endif
|     if (handler_addr == (char *)0xDEAD)
|         exit(1);
|     if (handler_addr < skaddr+sksize) {
|         /* stack was placed into lower area */
|         if (*(skaddr+sksize) != 'A')
|              sprintf(result, "(skaddr)+(sksize)-%d,(sksize)-%d",
|                      sizeof(union alltypes), sizeof(union alltypes));
|         else
|              strcpy(result, "(skaddr)+(sksize),(sksize)");
|     }
|     else {
|         /* stack was placed into higher area */
|         if (*(skaddr+sksize*2) != 'A')
|             sprintf(result, "(skaddr),(sksize)-%d", sizeof(union alltypes));
|         else
|             strcpy(result, "(skaddr),(sksize)");
|     }
|     if ((f = fopen("conftestval", "w")) == NULL)
|         exit(1);
|     fprintf(f, "%s\n", result);
|     fclose(f);
|     exit(0);
| }
| 
configure:13476: result: guessed
configure:13542: result: decision on mctx implementation... [1mmcsc/sc/mc[m
configure:13565: result: 
configure:13567: result: [1mSystem Call Mapping:[m
configure:13575: checking sys/syscall.h usability
configure:13575: gcc -c -g -O2  conftest.c >&5
configure:13575: $? = 0
configure:13575: result: yes
configure:13575: checking sys/syscall.h presence
configure:13575: gcc -E  conftest.c
configure:13575: $? = 0
configure:13575: result: yes
configure:13575: checking for sys/syscall.h
configure:13575: result: yes
configure:13575: checking sys/socketcall.h usability
configure:13575: gcc -c -g -O2  conftest.c >&5
conftest.c:125:28: fatal error: sys/socketcall.h: No such file or directory
 #include <sys/socketcall.h>
                            ^
compilation terminated.
configure:13575: $? = 1
configure: failed program was:
| /* confdefs.h */
| #define PACKAGE_NAME "pthsem"
| #define PACKAGE_TARNAME "pthsem"
| #define PACKAGE_VERSION "2.0.8"
| #define PACKAGE_STRING "pthsem 2.0.8"
| #define PACKAGE_BUGREPORT ""
| #define PACKAGE_URL ""
| #define PACKAGE "pthsem"
| #define VERSION "2.0.8"
| #define STDC_HEADERS 1
| #define HAVE_SYS_TYPES_H 1
| #define HAVE_SYS_STAT_H 1
| #define HAVE_STDLIB_H 1
| #define HAVE_STRING_H 1
| #define HAVE_MEMORY_H 1
| #define HAVE_STRINGS_H 1
| #define HAVE_INTTYPES_H 1
| #define HAVE_STDINT_H 1
| #define HAVE_UNISTD_H 1
| #define HAVE_DLFCN_H 1
| #define LT_OBJDIR ".libs/"
| #define STDC_HEADERS 1
| #define HAVE_STDIO_H 1
| #define HAVE_STDLIB_H 1
| #define HAVE_STDARG_H 1
| #define HAVE_STRING_H 1
| #define HAVE_SIGNAL_H 1
| #define HAVE_UNISTD_H 1
| #define HAVE_SETJMP_H 1
| #define HAVE_FCNTL_H 1
| #define HAVE_ERRNO_H 1
| #define HAVE_SYS_TYPES_H 1
| #define HAVE_SYS_TIME_H 1
| #define HAVE_SYS_WAIT_H 1
| #define HAVE_SYS_STAT_H 1
| #define HAVE_SYS_SOCKET_H 1
| #define HAVE_GETTIMEOFDAY 1
| #define HAVE_SELECT 1
| #define HAVE_SIGACTION 1
| #define HAVE_SIGPROCMASK 1
| #define HAVE_SIGPENDING 1
| #define HAVE_SIGSUSPEND 1
| #define PTH_NSIG 65
| #define HAVE_POLL 1
| #define HAVE_POLLIN 1
| #define HAVE_CLOCK_MONOTONIC 1
| #define HAVE___NR_CLOCK_GETTIME 1
| #define HAVE_CLOCK_GETTIME 1
| #define HAVE_SYS_UIO_H 1
| #define HAVE_READV 1
| #define HAVE_WRITEV 1
| #define HAVE_USLEEP 1
| #define HAVE_STRERROR 1
| #define HAVE_SYS_RESOURCE_H 1
| #define HAVE_PATHS_H 1
| #define HAVE_SYS_SELECT_H 1
| #define HAVE_SIG_ATOMIC_T 1
| #define HAVE_PID_T 1
| #define HAVE_SIZE_T 1
| #define HAVE_SSIZE_T 1
| #define HAVE_OFF_T 1
| #define HAVE_STACK_T 1
| #define HAVE_SS_SP 1
| #define HAVE_STRUCT_TIMESPEC 1
| #define HAVE_SOCKLEN_T 1
| #define HAVE_NFDS_T 1
| #define HAVE_LONGLONG 1
| #define HAVE_LONGDOUBLE 1
| #define HAVE_MAKECONTEXT 1
| #define HAVE_SWAPCONTEXT 1
| #define HAVE_GETCONTEXT 1
| #define HAVE_SETCONTEXT 1
| #define HAVE_SIGNAL_H 1
| #define HAVE_SIGLONGJMP 1
| #define HAVE_SETJMP 1
| #define HAVE_LONGJMP 1
| #define HAVE__SETJMP 1
| #define HAVE__LONGJMP 1
| #define HAVE_SIGALTSTACK 1
| #define HAVE_SIGSTACK 1
| #define HAVE_STACK_T 1
| #define PTH_STACKGROWTH -1
| #define HAVE_MAKECONTEXT 1
| #define HAVE_SIGALTSTACK 1
| #define HAVE_STACK_T 1
| #define HAVE_SIGSTACK 1
| #define PTH_MCTX_MTH_use PTH_MCTX_MTH_mcsc
| #define PTH_MCTX_DSP_use PTH_MCTX_DSP_sc
| #define PTH_MCTX_STK_use PTH_MCTX_STK_mc
| #define HAVE_SYS_SYSCALL_H 1
| /* end confdefs.h.  */
| #include <stdio.h>
| #ifdef HAVE_SYS_TYPES_H
| # include <sys/types.h>
| #endif
| #ifdef HAVE_SYS_STAT_H
| # include <sys/stat.h>
| #endif
| #ifdef STDC_HEADERS
| # include <stdlib.h>
| # include <stddef.h>
| #else
| # ifdef HAVE_STDLIB_H
| #  include <stdlib.h>
| # endif
| #endif
| #ifdef HAVE_STRING_H
| # if !defined STDC_HEADERS && defined HAVE_MEMORY_H
| #  include <memory.h>
| # endif
| # include <string.h>
| #endif
| #ifdef HAVE_STRINGS_H
| # include <strings.h>
| #endif
| #ifdef HAVE_INTTYPES_H
| # include <inttypes.h>
| #endif
| #ifdef HAVE_STDINT_H
| # include <stdint.h>
| #endif
| #ifdef HAVE_UNISTD_H
| # include <unistd.h>
| #endif
| #include <sys/socketcall.h>
configure:13575: result: no
configure:13575: checking sys/socketcall.h presence
configure:13575: gcc -E  conftest.c
conftest.c:92:28: fatal error: sys/socketcall.h: No such file or directory
 #include <sys/socketcall.h>
                            ^
compilation terminated.
configure:13575: $? = 1
configure: failed program was:
| /* confdefs.h */
| #define PACKAGE_NAME "pthsem"
| #define PACKAGE_TARNAME "pthsem"
| #define PACKAGE_VERSION "2.0.8"
| #define PACKAGE_STRING "pthsem 2.0.8"
| #define PACKAGE_BUGREPORT ""
| #define PACKAGE_URL ""
| #define PACKAGE "pthsem"
| #define VERSION "2.0.8"
| #define STDC_HEADERS 1
| #define HAVE_SYS_TYPES_H 1
| #define HAVE_SYS_STAT_H 1
| #define HAVE_STDLIB_H 1
| #define HAVE_STRING_H 1
| #define HAVE_MEMORY_H 1
| #define HAVE_STRINGS_H 1
| #define HAVE_INTTYPES_H 1
| #define HAVE_STDINT_H 1
| #define HAVE_UNISTD_H 1
| #define HAVE_DLFCN_H 1
| #define LT_OBJDIR ".libs/"
| #define STDC_HEADERS 1
| #define HAVE_STDIO_H 1
| #define HAVE_STDLIB_H 1
| #define HAVE_STDARG_H 1
| #define HAVE_STRING_H 1
| #define HAVE_SIGNAL_H 1
| #define HAVE_UNISTD_H 1
| #define HAVE_SETJMP_H 1
| #define HAVE_FCNTL_H 1
| #define HAVE_ERRNO_H 1
| #define HAVE_SYS_TYPES_H 1
| #define HAVE_SYS_TIME_H 1
| #define HAVE_SYS_WAIT_H 1
| #define HAVE_SYS_STAT_H 1
| #define HAVE_SYS_SOCKET_H 1
| #define HAVE_GETTIMEOFDAY 1
| #define HAVE_SELECT 1
| #define HAVE_SIGACTION 1
| #define HAVE_SIGPROCMASK 1
| #define HAVE_SIGPENDING 1
| #define HAVE_SIGSUSPEND 1
| #define PTH_NSIG 65
| #define HAVE_POLL 1
| #define HAVE_POLLIN 1
| #define HAVE_CLOCK_MONOTONIC 1
| #define HAVE___NR_CLOCK_GETTIME 1
| #define HAVE_CLOCK_GETTIME 1
| #define HAVE_SYS_UIO_H 1
| #define HAVE_READV 1
| #define HAVE_WRITEV 1
| #define HAVE_USLEEP 1
| #define HAVE_STRERROR 1
| #define HAVE_SYS_RESOURCE_H 1
| #define HAVE_PATHS_H 1
| #define HAVE_SYS_SELECT_H 1
| #define HAVE_SIG_ATOMIC_T 1
| #define HAVE_PID_T 1
| #define HAVE_SIZE_T 1
| #define HAVE_SSIZE_T 1
| #define HAVE_OFF_T 1
| #define HAVE_STACK_T 1
| #define HAVE_SS_SP 1
| #define HAVE_STRUCT_TIMESPEC 1
| #define HAVE_SOCKLEN_T 1
| #define HAVE_NFDS_T 1
| #define HAVE_LONGLONG 1
| #define HAVE_LONGDOUBLE 1
| #define HAVE_MAKECONTEXT 1
| #define HAVE_SWAPCONTEXT 1
| #define HAVE_GETCONTEXT 1
| #define HAVE_SETCONTEXT 1
| #define HAVE_SIGNAL_H 1
| #define HAVE_SIGLONGJMP 1
| #define HAVE_SETJMP 1
| #define HAVE_LONGJMP 1
| #define HAVE__SETJMP 1
| #define HAVE__LONGJMP 1
| #define HAVE_SIGALTSTACK 1
| #define HAVE_SIGSTACK 1
| #define HAVE_STACK_T 1
| #define PTH_STACKGROWTH -1
| #define HAVE_MAKECONTEXT 1
| #define HAVE_SIGALTSTACK 1
| #define HAVE_STACK_T 1
| #define HAVE_SIGSTACK 1
| #define PTH_MCTX_MTH_use PTH_MCTX_MTH_mcsc
| #define PTH_MCTX_DSP_use PTH_MCTX_DSP_sc
| #define PTH_MCTX_STK_use PTH_MCTX_STK_mc
| #define HAVE_SYS_SYSCALL_H 1
| /* end confdefs.h.  */
| #include <sys/socketcall.h>
configure:13575: result: no
configure:13575: checking for sys/socketcall.h
configure:13575: result: no
configure:13588: checking for syscall
configure:13588: gcc -o conftest -g -O2   conftest.c  >&5
configure:13588: $? = 0
configure:13588: result: yes
configure:13597: checking for define SYS_read in sys/syscall.h
configure:13620: result: yes
configure:13631: checking for dlfcn.h
configure:13631: result: yes
configure:13641: checking for define RTLD_NEXT in dlfcn.h
configure:13664: result: no
configure:13673: checking for syscall dynamic libraries
configure:13697: result: 
configure:13705: checking whether soft system call mapping is used
configure:13723: result: no
configure:13727: checking whether hard system call mapping is used
configure:13850: result: no
configure:13862: result: 
configure:13864: result: [1mBuild Parameters:[m
configure:13878: result: no
configure:13889: checking whether to build Pthread library
configure:13900: result: no
configure:14105: checking whether to build against external OSSP ex library
configure:14114: result: no
configure:14260: checking whether to build against external Sfio library
configure:14267: result: no
configure:14413: checking whether to build against external Dmalloc library
configure:14422: result: no
configure:14471: result: 
configure:14473: result: [1mOutput Substitution:[m
configure:14608: creating ./config.status

## ---------------------- ##
## Running config.status. ##
## ---------------------- ##

This file was extended by pthsem config.status 2.0.8, which was
generated by GNU Autoconf 2.64.  Invocation command line was

  CONFIG_FILES    = 
  CONFIG_HEADERS  = 
  CONFIG_LINKS    = 
  CONFIG_COMMANDS = 
  $ ./config.status 

on Latitude-E6510

config.status:1181: creating Makefile
config.status:1181: creating debian/Makefile
config.status:1181: creating compat/Makefile
config.status:1181: creating pthread-config
config.status:1289: WARNING:  'pthread-config.in' seems to ignore the --datarootdir setting
config.status:1181: creating pthread.h
config.status:1181: creating compat/pth-config
config.status:1181: creating pth-config
config.status:1289: WARNING:  'pth-config.in' seems to ignore the --datarootdir setting
config.status:1181: creating pthsem.pc
config.status:1181: creating pth.h
config.status:1181: creating pth_acmac.h
config.status:1181: creating pth_acdef.h
config.status:1401: executing depfiles commands
config.status:1401: executing libtool commands
config.status:1401: executing default commands

## ---------------- ##
## Cache variables. ##
## ---------------- ##

ac_cv_argtype_accept3='socklen_t *__restrict'
ac_cv_argtype_poll2=nfds_t
ac_cv_build=x86_64-unknown-linux-gnu
ac_cv_c_compiler_gnu=yes
ac_cv_check_mcsc=yes
ac_cv_check_nfdstype=nfds_t
ac_cv_check_sjlj=sjljlx
ac_cv_check_socklentype=socklen_t
ac_cv_check_stackgrowth=down
ac_cv_define_CLOCK_MONOTONIC=yes
ac_cv_define_POLLIN=yes
ac_cv_define_RTLD_NEXT=no
ac_cv_define_SYS_read=yes
ac_cv_define___NR_clock_gettime=yes
ac_cv_env_CC_set=
ac_cv_env_CC_value=
ac_cv_env_CFLAGS_set=
ac_cv_env_CFLAGS_value=
ac_cv_env_CPPFLAGS_set=
ac_cv_env_CPPFLAGS_value=
ac_cv_env_CPP_set=
ac_cv_env_CPP_value=
ac_cv_env_LDFLAGS_set=
ac_cv_env_LDFLAGS_value=
ac_cv_env_LIBS_set=
ac_cv_env_LIBS_value=
ac_cv_env_build_alias_set=
ac_cv_env_build_alias_value=
ac_cv_env_host_alias_set=
ac_cv_env_host_alias_value=
ac_cv_env_target_alias_set=
ac_cv_env_target_alias_value=
ac_cv_func__longjmp=yes
ac_cv_func__setjmp=yes
ac_cv_func_getcontext=yes
ac_cv_func_gettimeofday=yes
ac_cv_func_longjmp=yes
ac_cv_func_makecontext=yes
ac_cv_func_poll=yes
ac_cv_func_readv=yes
ac_cv_func_select=yes
ac_cv_func_setcontext=yes
ac_cv_func_setjmp=yes
ac_cv_func_sigaction=yes
ac_cv_func_sigaltstack=yes
ac_cv_func_siglongjmp=yes
ac_cv_func_sigpending=yes
ac_cv_func_sigprocmask=yes
ac_cv_func_sigsetjmp=no
ac_cv_func_sigstack=yes
ac_cv_func_sigsuspend=yes
ac_cv_func_strerror=yes
ac_cv_func_swapcontext=yes
ac_cv_func_syscall=yes
ac_cv_func_usleep=yes
ac_cv_func_writev=yes
ac_cv_header_dlfcn_h=yes
ac_cv_header_errno_h=yes
ac_cv_header_fcntl_h=yes
ac_cv_header_inttypes_h=yes
ac_cv_header_memory_h=yes
ac_cv_header_net_errno_h=no
ac_cv_header_paths_h=yes
ac_cv_header_setjmp_h=yes
ac_cv_header_signal_h=yes
ac_cv_header_stdarg_h=yes
ac_cv_header_stdc=yes
ac_cv_header_stdint_h=yes
ac_cv_header_stdio_h=yes
ac_cv_header_stdlib_h=yes
ac_cv_header_string_h=yes
ac_cv_header_strings_h=yes
ac_cv_header_sys_resource_h=yes
ac_cv_header_sys_select_h=yes
ac_cv_header_sys_socket_h=yes
ac_cv_header_sys_socketcall_h=no
ac_cv_header_sys_stat_h=yes
ac_cv_header_sys_syscall_h=yes
ac_cv_header_sys_time_h=yes
ac_cv_header_sys_types_h=yes
ac_cv_header_sys_uio_h=yes
ac_cv_header_sys_wait_h=yes
ac_cv_header_ucontext_h=yes
ac_cv_header_unistd_h=yes
ac_cv_host=x86_64-unknown-linux-gnu
ac_cv_objext=o
ac_cv_path_EGREP='/bin/grep -E'
ac_cv_path_FGREP='/bin/grep -F'
ac_cv_path_GREP=/bin/grep
ac_cv_path_SED=/bin/sed
ac_cv_path_install='/usr/bin/install -c'
ac_cv_path_mkdir=/bin/mkdir
ac_cv_prog_AWK=mawk
ac_cv_prog_CPP='gcc -E'
ac_cv_prog_ac_ct_AR=ar
ac_cv_prog_ac_ct_CC=gcc
ac_cv_prog_ac_ct_OBJDUMP=objdump
ac_cv_prog_ac_ct_RANLIB=ranlib
ac_cv_prog_ac_ct_STRIP=strip
ac_cv_prog_cc_c89=
ac_cv_prog_cc_g=yes
ac_cv_prog_make_make_set=yes
ac_cv_search_accept='none required'
ac_cv_search_clock_gettime='none required'
ac_cv_search_gethostname='none required'
ac_cv_stacksetup_makecontext='ok:(skaddr),(sksize)'
ac_cv_stacksetup_sigaltstack='ok:(skaddr),(sksize)'
ac_cv_stacksetup_sigstack='guessed:(skaddr),(sksize)'
ac_cv_structattr_ss_base=no
ac_cv_structattr_ss_sp=yes
ac_cv_type_longdouble=yes
ac_cv_type_longlong=yes
ac_cv_typedef_nfds_t=yes
ac_cv_typedef_off_t=yes
ac_cv_typedef_pid_t=yes
ac_cv_typedef_sig_atomic_t=yes
ac_cv_typedef_size_t=yes
ac_cv_typedef_socklen_t=yes
ac_cv_typedef_ssize_t=yes
ac_cv_typedef_stack_t=yes
am_cv_CC_dependencies_compiler_type=gcc3
lt_cv_deplibs_check_method=pass_all
lt_cv_file_magic_cmd='$MAGIC_CMD'
lt_cv_file_magic_test_file=
lt_cv_ld_reload_flag=-r
lt_cv_nm_interface='BSD nm'
lt_cv_objdir=.libs
lt_cv_path_LD=/usr/bin/ld
lt_cv_path_NM='/usr/bin/nm -B'
lt_cv_prog_compiler_c_o=yes
lt_cv_prog_compiler_pic_works=yes
lt_cv_prog_compiler_rtti_exceptions=no
lt_cv_prog_compiler_static_works=yes
lt_cv_prog_gnu_ld=yes
lt_cv_sys_global_symbol_pipe='sed -n -e '\''s/^.*[	 ]\([ABCDGIRSTW][ABCDGIRSTW]*\)[	 ][	 ]*\([_A-Za-z][_A-Za-z0-9]*\)$/\1 \2 \2/p'\'''
lt_cv_sys_global_symbol_to_c_name_address='sed -n -e '\''s/^: \([^ ]*\) $/  {\"\1\", (void *) 0},/p'\'' -e '\''s/^[ABCDGIRSTW]* \([^ ]*\) \([^ ]*\)$/  {"\2", (void *) \&\2},/p'\'''
lt_cv_sys_global_symbol_to_c_name_address_lib_prefix='sed -n -e '\''s/^: \([^ ]*\) $/  {\"\1\", (void *) 0},/p'\'' -e '\''s/^[ABCDGIRSTW]* \([^ ]*\) \(lib[^ ]*\)$/  {"\2", (void *) \&\2},/p'\'' -e '\''s/^[ABCDGIRSTW]* \([^ ]*\) \([^ ]*\)$/  {"lib\2", (void *) \&\2},/p'\'''
lt_cv_sys_global_symbol_to_cdecl='sed -n -e '\''s/^T .* \(.*\)$/extern int \1();/p'\'' -e '\''s/^[ABCDGIRSTW]* .* \(.*\)$/extern char \1;/p'\'''
lt_cv_sys_max_cmd_len=1572864

## ----------------- ##
## Output variables. ##
## ----------------- ##

ACLOCAL='${SHELL} /usr/local/knxcontrol/installation/pthsem-2.0.8/missing --run aclocal-1.11'
AMDEPBACKSLASH='\'
AMDEP_FALSE='#'
AMDEP_TRUE=''
AMTAR='${SHELL} /usr/local/knxcontrol/installation/pthsem-2.0.8/missing --run tar'
AR='ar'
AUTOCONF='${SHELL} /usr/local/knxcontrol/installation/pthsem-2.0.8/missing --run autoconf'
AUTOHEADER='${SHELL} /usr/local/knxcontrol/installation/pthsem-2.0.8/missing --run autoheader'
AUTOMAKE='${SHELL} /usr/local/knxcontrol/installation/pthsem-2.0.8/missing --run automake-1.11'
AWK='mawk'
CC='gcc'
CCDEPMODE='depmode=gcc3'
CFLAGS='-g -O2'
CPP='gcc -E'
CPPFLAGS=''
CYGPATH_W='echo'
DEFS='-DHAVE_CONFIG_H'
DEPDIR='.deps'
DSYMUTIL=''
DUMPBIN=''
ECHO_C=''
ECHO_N='-n'
ECHO_T=''
EGREP='/bin/grep -E'
ENABLE_COMPAT_FALSE=''
ENABLE_COMPAT_TRUE='#'
ENABLE_PTHREAD_FALSE=''
ENABLE_PTHREAD_TRUE='#'
EXEEXT=''
EXTRA_INCLUDE_SYS_SELECT_H='#include <sys/select.h>'
FALLBACK_NFDS_T='/* typedef nfds_t nfds_t; */'
FALLBACK_OFF_T='/* typedef int off_t; */'
FALLBACK_PID_T='/* typedef int pid_t; */'
FALLBACK_SIG_ATOMIC_T='/* typedef int sig_atomic_t; */'
FALLBACK_SIZE_T='/* typedef unsigned int size_t; */'
FALLBACK_SOCKLEN_T='/* typedef socklen_t socklen_t; */'
FALLBACK_SSIZE_T='/* typedef unsigned int ssize_t; */'
FGREP='/bin/grep -F'
GREP='/bin/grep'
INSTALL_DATA='${INSTALL} -m 644'
INSTALL_PROGRAM='${INSTALL}'
INSTALL_PTHREAD=''
INSTALL_SCRIPT='${INSTALL}'
INSTALL_STRIP_PROGRAM='$(install_sh) -c -s'
LD='/usr/bin/ld -m elf_x86_64'
LDFLAGS=''
LIBOBJS=''
LIBPTHREAD_A=''
LIBPTHREAD_LA=''
LIBS=''
LIBTOOL='$(SHELL) $(top_builddir)/libtool'
LIPO=''
LN_S='ln -s'
LTLIBOBJS=''
MAKEINFO='${SHELL} /usr/local/knxcontrol/installation/pthsem-2.0.8/missing --run makeinfo'
MKDIR_P='/bin/mkdir -p'
NM='/usr/bin/nm -B'
NMEDIT=''
OBJDUMP='objdump'
OBJEXT='o'
OTOOL64=''
OTOOL=''
PACKAGE='pthsem'
PACKAGE_BUGREPORT=''
PACKAGE_NAME='pthsem'
PACKAGE_STRING='pthsem 2.0.8'
PACKAGE_TARNAME='pthsem'
PACKAGE_URL=''
PACKAGE_VERSION='2.0.8'
PATH_SEPARATOR=':'
PLATFORM='x86_64-unknown-linux-gnu'
PTHREAD_3=''
PTHREAD_CONFIG_1=''
PTHREAD_O=''
PTH_EXT_SFIO='0'
PTH_FAKE_POLL='0'
PTH_FAKE_RWV='0'
PTH_FDSETSIZE='1024'
PTH_MCTX_ID='mcsc/sc/mc'
PTH_STACK_GROWTH='down'
PTH_SYSCALL_HARD='0'
PTH_SYSCALL_SOFT='0'
PTH_VERSION_HEX='0x200208'
PTH_VERSION_STR='2.0.8'
RANLIB='ranlib'
SED='/bin/sed'
SET_MAKE=''
SHELL='/bin/bash'
STRIP='strip'
TEST_PTHREAD=''
UNINSTALL_PTHREAD=''
VERSION='2.0.8'
ac_ct_CC='gcc'
ac_ct_DUMPBIN=''
am__EXEEXT_FALSE=''
am__EXEEXT_TRUE='#'
am__fastdepCC_FALSE='#'
am__fastdepCC_TRUE=''
am__include='include'
am__isrc=''
am__leading_dot='.'
am__quote=''
am__tar='${AMTAR} chof - "$$tardir"'
am__untar='${AMTAR} xf -'
bindir='${exec_prefix}/bin'
build='x86_64-unknown-linux-gnu'
build_alias=''
build_cpu='x86_64'
build_os='linux-gnu'
build_vendor='unknown'
datadir='${datarootdir}'
datarootdir='${prefix}/share'
docdir='${datarootdir}/doc/${PACKAGE_TARNAME}'
dvidir='${docdir}'
exec_prefix='${prefix}'
host='x86_64-unknown-linux-gnu'
host_alias=''
host_cpu='x86_64'
host_os='linux-gnu'
host_vendor='unknown'
htmldir='${docdir}'
includedir='${prefix}/include'
infodir='${datarootdir}/info'
install_sh='${SHELL} /usr/local/knxcontrol/installation/pthsem-2.0.8/install-sh'
libdir='${exec_prefix}/lib'
libexecdir='${exec_prefix}/libexec'
localedir='${datarootdir}/locale'
localstatedir='${prefix}/var'
lt_ECHO='echo'
mandir='${datarootdir}/man'
mkdir_p='/bin/mkdir -p'
oldincludedir='/usr/include'
pdfdir='${docdir}'
prefix='/usr/local'
program_transform_name='s,x,x,'
psdir='${docdir}'
pth_sigjmpbuf='#define pth_sigjmpbuf '
pth_siglongjmp='#define pth_siglongjmp(buf,val) '
pth_sigsetjmp='#define pth_sigsetjmp(buf) '
pth_skaddr_makecontext='#define pth_skaddr_makecontext(skaddr,sksize) ((skaddr))'
pth_skaddr_sigaltstack='#define pth_skaddr_sigaltstack(skaddr,sksize) ((skaddr))'
pth_skaddr_sigstack='#define pth_skaddr_sigstack(skaddr,sksize) ((skaddr))'
pth_sksize_makecontext='#define pth_sksize_makecontext(skaddr,sksize) ((sksize))'
pth_sksize_sigaltstack='#define pth_sksize_sigaltstack(skaddr,sksize) ((sksize))'
pth_sksize_sigstack='#define pth_sksize_sigstack(skaddr,sksize) ((sksize))'
sbindir='${exec_prefix}/sbin'
sharedstatedir='${prefix}/com'
sysconfdir='${prefix}/etc'
target_alias=''

## ----------- ##
## confdefs.h. ##
## ----------- ##

/* confdefs.h */
#define PACKAGE_NAME "pthsem"
#define PACKAGE_TARNAME "pthsem"
#define PACKAGE_VERSION "2.0.8"
#define PACKAGE_STRING "pthsem 2.0.8"
#define PACKAGE_BUGREPORT ""
#define PACKAGE_URL ""
#define PACKAGE "pthsem"
#define VERSION "2.0.8"
#define STDC_HEADERS 1
#define HAVE_SYS_TYPES_H 1
#define HAVE_SYS_STAT_H 1
#define HAVE_STDLIB_H 1
#define HAVE_STRING_H 1
#define HAVE_MEMORY_H 1
#define HAVE_STRINGS_H 1
#define HAVE_INTTYPES_H 1
#define HAVE_STDINT_H 1
#define HAVE_UNISTD_H 1
#define HAVE_DLFCN_H 1
#define LT_OBJDIR ".libs/"
#define STDC_HEADERS 1
#define HAVE_STDIO_H 1
#define HAVE_STDLIB_H 1
#define HAVE_STDARG_H 1
#define HAVE_STRING_H 1
#define HAVE_SIGNAL_H 1
#define HAVE_UNISTD_H 1
#define HAVE_SETJMP_H 1
#define HAVE_FCNTL_H 1
#define HAVE_ERRNO_H 1
#define HAVE_SYS_TYPES_H 1
#define HAVE_SYS_TIME_H 1
#define HAVE_SYS_WAIT_H 1
#define HAVE_SYS_STAT_H 1
#define HAVE_SYS_SOCKET_H 1
#define HAVE_GETTIMEOFDAY 1
#define HAVE_SELECT 1
#define HAVE_SIGACTION 1
#define HAVE_SIGPROCMASK 1
#define HAVE_SIGPENDING 1
#define HAVE_SIGSUSPEND 1
#define PTH_NSIG 65
#define HAVE_POLL 1
#define HAVE_POLLIN 1
#define HAVE_CLOCK_MONOTONIC 1
#define HAVE___NR_CLOCK_GETTIME 1
#define HAVE_CLOCK_GETTIME 1
#define HAVE_SYS_UIO_H 1
#define HAVE_READV 1
#define HAVE_WRITEV 1
#define HAVE_USLEEP 1
#define HAVE_STRERROR 1
#define HAVE_SYS_RESOURCE_H 1
#define HAVE_PATHS_H 1
#define HAVE_SYS_SELECT_H 1
#define HAVE_SIG_ATOMIC_T 1
#define HAVE_PID_T 1
#define HAVE_SIZE_T 1
#define HAVE_SSIZE_T 1
#define HAVE_OFF_T 1
#define HAVE_STACK_T 1
#define HAVE_SS_SP 1
#define HAVE_STRUCT_TIMESPEC 1
#define HAVE_SOCKLEN_T 1
#define HAVE_NFDS_T 1
#define HAVE_LONGLONG 1
#define HAVE_LONGDOUBLE 1
#define HAVE_MAKECONTEXT 1
#define HAVE_SWAPCONTEXT 1
#define HAVE_GETCONTEXT 1
#define HAVE_SETCONTEXT 1
#define HAVE_SIGNAL_H 1
#define HAVE_SIGLONGJMP 1
#define HAVE_SETJMP 1
#define HAVE_LONGJMP 1
#define HAVE__SETJMP 1
#define HAVE__LONGJMP 1
#define HAVE_SIGALTSTACK 1
#define HAVE_SIGSTACK 1
#define HAVE_STACK_T 1
#define PTH_STACKGROWTH -1
#define HAVE_MAKECONTEXT 1
#define HAVE_SIGALTSTACK 1
#define HAVE_STACK_T 1
#define HAVE_SIGSTACK 1
#define PTH_MCTX_MTH_use PTH_MCTX_MTH_mcsc
#define PTH_MCTX_DSP_use PTH_MCTX_DSP_sc
#define PTH_MCTX_STK_use PTH_MCTX_STK_mc
#define HAVE_SYS_SYSCALL_H 1
#define HAVE_SYSCALL 1
#define HAVE_SYS_READ 1
#define HAVE_DLFCN_H 1
#define PTH_SYSCALL_LIBS ""

configure: exit 0
